<?xml version="1.0" encoding="UTF-8"?>
<coverage generated="1624727746769" clover="3.2.0">
  <project timestamp="1624727746769" name="All files">
    <metrics statements="37" coveredstatements="26" conditionals="20" coveredconditionals="8" methods="8" coveredmethods="4" elements="65" coveredelements="38" complexity="0" loc="37" ncloc="37" packages="1" files="1" classes="1"/>
    <file name="index.tsx" path="/home/mukarram.ishaq/Documents/test/myprojects/use-stepwise-execution/src/index.tsx">
      <metrics statements="37" coveredstatements="26" conditionals="20" coveredconditionals="8" methods="8" coveredmethods="4"/>
      <line num="1" count="1" type="stmt"/>
      <line num="88" count="61" type="cond" truecount="1" falsecount="1"/>
      <line num="89" count="61" type="stmt"/>
      <line num="90" count="61" type="stmt"/>
      <line num="91" count="61" type="stmt"/>
      <line num="92" count="61" type="stmt"/>
      <line num="93" count="61" type="stmt"/>
      <line num="94" count="61" type="stmt"/>
      <line num="108" count="61" type="stmt"/>
      <line num="109" count="0" type="stmt"/>
      <line num="119" count="61" type="stmt"/>
      <line num="120" count="0" type="stmt"/>
      <line num="121" count="0" type="stmt"/>
      <line num="134" count="61" type="stmt"/>
      <line num="147" count="61" type="cond" truecount="0" falsecount="2"/>
      <line num="148" count="0" type="cond" truecount="0" falsecount="4"/>
      <line num="150" count="0" type="cond" truecount="0" falsecount="2"/>
      <line num="151" count="0" type="stmt"/>
      <line num="153" count="0" type="stmt"/>
      <line num="154" count="0" type="stmt"/>
      <line num="156" count="0" type="stmt"/>
      <line num="178" count="61" type="cond" truecount="1" falsecount="1"/>
      <line num="179" count="19" type="cond" truecount="1" falsecount="1"/>
      <line num="180" count="0" type="stmt"/>
      <line num="182" count="19" type="cond" truecount="3" falsecount="1"/>
      <line num="183" count="0" type="stmt"/>
      <line num="186" count="19" type="stmt"/>
      <line num="187" count="19" type="stmt"/>
      <line num="188" count="19" type="cond" truecount="2" falsecount="0"/>
      <line num="189" count="19" type="stmt"/>
      <line num="191" count="6" type="stmt"/>
      <line num="192" count="6" type="stmt"/>
      <line num="193" count="6" type="stmt"/>
      <line num="195" count="7" type="stmt"/>
      <line num="196" count="7" type="stmt"/>
      <line num="201" count="61" type="stmt"/>
      <line num="361" count="1" type="stmt"/>
    </file>
  </project>
</coverage>
