{"/home/mukarram.ishaq/Documents/test/myprojects/use-stepwise-execution/src/index.tsx": {"path":"/home/mukarram.ishaq/Documents/test/myprojects/use-stepwise-execution/src/index.tsx","statementMap":{"0":{"start":{"line":1,"column":0},"end":{"line":1,"column":53}},"1":{"start":{"line":88,"column":29},"end":{"line":359,"column":1}},"2":{"start":{"line":88,"column":30},"end":{"line":88,"column":47}},"3":{"start":{"line":89,"column":40},"end":{"line":89,"column":61}},"4":{"start":{"line":89,"column":20},"end":{"line":89,"column":22}},"5":{"start":{"line":89,"column":36},"end":{"line":89,"column":40}},"6":{"start":{"line":90,"column":50},"end":{"line":90,"column":73}},"7":{"start":{"line":90,"column":25},"end":{"line":90,"column":27}},"8":{"start":{"line":90,"column":46},"end":{"line":90,"column":50}},"9":{"start":{"line":91,"column":38},"end":{"line":91,"column":62}},"10":{"start":{"line":91,"column":19},"end":{"line":91,"column":21}},"11":{"start":{"line":91,"column":34},"end":{"line":91,"column":38}},"12":{"start":{"line":92,"column":30},"end":{"line":92,"column":73}},"13":{"start":{"line":92,"column":15},"end":{"line":92,"column":17}},"14":{"start":{"line":92,"column":26},"end":{"line":92,"column":30}},"15":{"start":{"line":93,"column":36},"end":{"line":93,"column":60}},"16":{"start":{"line":93,"column":18},"end":{"line":93,"column":20}},"17":{"start":{"line":93,"column":32},"end":{"line":93,"column":36}},"18":{"start":{"line":94,"column":40},"end":{"line":94,"column":57}},"19":{"start":{"line":94,"column":20},"end":{"line":94,"column":22}},"20":{"start":{"line":94,"column":36},"end":{"line":94,"column":40}},"21":{"start":{"line":108,"column":29},"end":{"line":110,"column":22}},"22":{"start":{"line":109,"column":4},"end":{"line":109,"column":25}},"23":{"start":{"line":119,"column":33},"end":{"line":122,"column":8}},"24":{"start":{"line":120,"column":4},"end":{"line":120,"column":25}},"25":{"start":{"line":121,"column":4},"end":{"line":121,"column":28}},"26":{"start":{"line":134,"column":21},"end":{"line":134,"column":43}},"27":{"start":{"line":147,"column":15},"end":{"line":159,"column":45}},"28":{"start":{"line":147,"column":28},"end":{"line":147,"column":null}},"29":{"start":{"line":148,"column":4},"end":{"line":158,"column":null}},"30":{"start":{"line":150,"column":6},"end":{"line":157,"column":null}},"31":{"start":{"line":151,"column":8},"end":{"line":151,"column":27}},"32":{"start":{"line":153,"column":8},"end":{"line":155,"column":11}},"33":{"start":{"line":154,"column":10},"end":{"line":154,"column":34}},"34":{"start":{"line":156,"column":8},"end":{"line":156,"column":32}},"35":{"start":{"line":178,"column":18},"end":{"line":198,"column":73}},"36":{"start":{"line":178,"column":37},"end":{"line":178,"column":null}},"37":{"start":{"line":179,"column":4},"end":{"line":181,"column":null}},"38":{"start":{"line":180,"column":6},"end":{"line":180,"column":18}},"39":{"start":{"line":182,"column":4},"end":{"line":184,"column":null}},"40":{"start":{"line":183,"column":6},"end":{"line":183,"column":24}},"41":{"start":{"line":186,"column":6},"end":{"line":186,"column":30}},"42":{"start":{"line":187,"column":26},"end":{"line":190,"column":null}},"43":{"start":{"line":187,"column":110},"end":{"line":190,"column":9}},"44":{"start":{"line":188,"column":31},"end":{"line":188,"column":null}},"45":{"start":{"line":188,"column":14},"end":{"line":188,"column":null}},"46":{"start":{"line":189,"column":15},"end":{"line":189,"column":78}},"47":{"start":{"line":189,"column":8},"end":{"line":189,"column":78}},"48":{"start":{"line":187,"column":12},"end":{"line":190,"column":null}},"49":{"start":{"line":191,"column":6},"end":{"line":191,"column":33}},"50":{"start":{"line":192,"column":6},"end":{"line":192,"column":null}},"51":{"start":{"line":193,"column":6},"end":{"line":193,"column":25}},"52":{"start":{"line":195,"column":6},"end":{"line":195,"column":25}},"53":{"start":{"line":196,"column":6},"end":{"line":196,"column":14}},"54":{"start":{"line":201,"column":2},"end":{"line":358,"column":null}},"55":{"start":{"line":361,"column":0},"end":{"line":361,"column":36}}},"fnMap":{"0":{"name":"(anonymous_0)","decl":{"start":{"line":88,"column":29},"end":{"line":88,"column":30}},"loc":{"start":{"line":88,"column":85},"end":{"line":359,"column":1}}},"1":{"name":"(anonymous_1)","decl":{"start":{"line":108,"column":41},"end":{"line":108,"column":42}},"loc":{"start":{"line":108,"column":54},"end":{"line":110,"column":3}}},"2":{"name":"(anonymous_2)","decl":{"start":{"line":119,"column":45},"end":{"line":119,"column":46}},"loc":{"start":{"line":119,"column":58},"end":{"line":122,"column":3}}},"3":{"name":"(anonymous_3)","decl":{"start":{"line":147,"column":27},"end":{"line":147,"column":28}},"loc":{"start":{"line":147,"column":41},"end":{"line":159,"column":3}}},"4":{"name":"(anonymous_4)","decl":{"start":{"line":153,"column":23},"end":{"line":153,"column":24}},"loc":{"start":{"line":153,"column":36},"end":{"line":155,"column":9}}},"5":{"name":"(anonymous_5)","decl":{"start":{"line":178,"column":30},"end":{"line":178,"column":37}},"loc":{"start":{"line":178,"column":50},"end":{"line":198,"column":5}}},"6":{"name":"(anonymous_8)","decl":{"start":{"line":187,"column":69},"end":{"line":187,"column":76}},"loc":{"start":{"line":187,"column":110},"end":{"line":190,"column":9}}},"7":{"name":"(anonymous_9)","decl":{"start":{"line":187,"column":110},"end":{"line":187,"column":null}},"loc":{"start":{"line":187,"column":110},"end":{"line":190,"column":9}}}},"branchMap":{"0":{"loc":{"start":{"line":88,"column":30},"end":{"line":88,"column":47}},"type":"if","locations":[{"start":{"line":88,"column":30},"end":{"line":88,"column":47}},{"start":{"line":88,"column":30},"end":{"line":88,"column":47}}]},"1":{"loc":{"start":{"line":147,"column":28},"end":{"line":147,"column":null}},"type":"if","locations":[{"start":{"line":147,"column":28},"end":{"line":147,"column":null}},{"start":{"line":147,"column":28},"end":{"line":147,"column":null}}]},"2":{"loc":{"start":{"line":148,"column":4},"end":{"line":158,"column":null}},"type":"if","locations":[{"start":{"line":148,"column":4},"end":{"line":158,"column":null}},{"start":{"line":148,"column":4},"end":{"line":158,"column":null}}]},"3":{"loc":{"start":{"line":148,"column":8},"end":{"line":148,"column":13}},"type":"binary-expr","locations":[{"start":{"line":148,"column":8},"end":{"line":148,"column":13}},{"start":{"line":148,"column":17},"end":{"line":148,"column":37}}]},"4":{"loc":{"start":{"line":150,"column":6},"end":{"line":157,"column":null}},"type":"if","locations":[{"start":{"line":150,"column":6},"end":{"line":157,"column":null}},{"start":{"line":150,"column":6},"end":{"line":157,"column":null}}]},"5":{"loc":{"start":{"line":178,"column":37},"end":{"line":178,"column":null}},"type":"if","locations":[{"start":{"line":178,"column":37},"end":{"line":178,"column":null}},{"start":{"line":178,"column":37},"end":{"line":178,"column":null}}]},"6":{"loc":{"start":{"line":179,"column":4},"end":{"line":181,"column":null}},"type":"if","locations":[{"start":{"line":179,"column":4},"end":{"line":181,"column":null}},{"start":{"line":179,"column":4},"end":{"line":181,"column":null}}]},"7":{"loc":{"start":{"line":182,"column":4},"end":{"line":184,"column":null}},"type":"if","locations":[{"start":{"line":182,"column":4},"end":{"line":184,"column":null}},{"start":{"line":182,"column":4},"end":{"line":184,"column":null}}]},"8":{"loc":{"start":{"line":182,"column":8},"end":{"line":182,"column":14}},"type":"binary-expr","locations":[{"start":{"line":182,"column":8},"end":{"line":182,"column":14}},{"start":{"line":182,"column":18},"end":{"line":182,"column":38}}]},"9":{"loc":{"start":{"line":188,"column":31},"end":{"line":188,"column":null}},"type":"switch","locations":[{"start":{"line":188,"column":31},"end":{"line":188,"column":null}},{"start":{"line":189,"column":8},"end":{"line":189,"column":78}}]}},"s":{"0":1,"1":1,"2":61,"3":61,"4":61,"5":61,"6":61,"7":61,"8":61,"9":61,"10":61,"11":61,"12":61,"13":61,"14":61,"15":61,"16":61,"17":61,"18":61,"19":61,"20":61,"21":61,"22":0,"23":61,"24":0,"25":0,"26":61,"27":61,"28":0,"29":0,"30":0,"31":0,"32":0,"33":0,"34":0,"35":61,"36":38,"37":19,"38":0,"39":19,"40":0,"41":19,"42":19,"43":19,"44":19,"45":19,"46":19,"47":13,"48":13,"49":6,"50":6,"51":6,"52":7,"53":7,"54":61,"55":1},"f":{"0":61,"1":0,"2":0,"3":0,"4":0,"5":19,"6":19,"7":19},"b":{"0":[0,61],"1":[0,0],"2":[0,0],"3":[0,0],"4":[0,0],"5":[19,0],"6":[0,19],"7":[0,19],"8":[19,19],"9":[19,13]}}
}
