TN:
SF:src/index.tsx
FN:88,(anonymous_0)
FN:108,(anonymous_1)
FN:119,(anonymous_2)
FN:147,(anonymous_3)
FN:153,(anonymous_4)
FN:178,(anonymous_5)
FN:187,(anonymous_8)
FN:187,(anonymous_9)
FNF:8
FNH:4
FNDA:61,(anonymous_0)
FNDA:0,(anonymous_1)
FNDA:0,(anonymous_2)
FNDA:0,(anonymous_3)
FNDA:0,(anonymous_4)
FNDA:19,(anonymous_5)
FNDA:19,(anonymous_8)
FNDA:19,(anonymous_9)
DA:1,1
DA:88,61
DA:89,61
DA:90,61
DA:91,61
DA:92,61
DA:93,61
DA:94,61
DA:108,61
DA:109,0
DA:119,61
DA:120,0
DA:121,0
DA:134,61
DA:147,61
DA:148,0
DA:150,0
DA:151,0
DA:153,0
DA:154,0
DA:156,0
DA:178,61
DA:179,19
DA:180,0
DA:182,19
DA:183,0
DA:186,19
DA:187,19
DA:188,19
DA:189,19
DA:191,6
DA:192,6
DA:193,6
DA:195,7
DA:196,7
DA:201,61
DA:361,1
LF:37
LH:26
BRDA:88,0,0,0
BRDA:88,0,1,61
BRDA:147,1,0,0
BRDA:147,1,1,0
BRDA:148,2,0,0
BRDA:148,2,1,0
BRDA:148,3,0,0
BRDA:148,3,1,0
BRDA:150,4,0,0
BRDA:150,4,1,0
BRDA:178,5,0,19
BRDA:178,5,1,0
BRDA:179,6,0,0
BRDA:179,6,1,19
BRDA:182,7,0,0
BRDA:182,7,1,19
BRDA:182,8,0,19
BRDA:182,8,1,19
BRDA:188,9,0,19
BRDA:188,9,1,13
BRF:20
BRH:8
end_of_record
